2024-12-05 14:51:34 - y6.0344567662341255x80.2164206428528
2024-12-05 14:51:36 - Get all fields
2024-12-05 14:52:26 - awwaa soya adare
2024-12-05 14:52:26 - hiiii hiii
2024-12-05 14:52:26 - kfjkdd
2024-12-05 14:52:26 - awwaa soya adare
2024-12-05 14:52:26 - hiiii hiii
2024-12-05 14:52:26 - kfjkdd
2024-12-05 15:09:03 - Get all fields
2024-12-05 15:10:11 - Get all fields
2024-12-05 15:24:10 - Get all fields
2024-12-05 15:26:07 - Get all fields
2024-12-05 15:28:19 - Get all fields
2024-12-05 15:30:01 - Get all fields
2024-12-05 15:33:16 - Get all fields
2024-12-05 15:34:58 - Get all fields
2024-12-05 15:45:28 - Get all fields
2024-12-05 15:47:27 - Get all fields
2024-12-05 15:48:34 - Get all fields
2024-12-05 15:49:13 - awwaa soya adare
2024-12-05 15:49:13 - hiiii hiii
2024-12-05 15:49:13 - kfjkdd
2024-12-05 15:49:14 - awwaa soya adare
2024-12-05 15:49:14 - hiiii hiii
2024-12-05 15:49:14 - kfjkdd
2024-12-05 15:49:18 - Get all fields
2024-12-05 15:58:51 - Get all fields
2024-12-05 16:05:23 - Get all fields
2024-12-05 16:05:23 - Resolved [org.springframework.web.context.request.async.AsyncRequestNotUsableException: ServletOutputStream failed to write: java.io.IOException: An established connection was aborted by the software in your host machine]
2024-12-05 16:05:23 - Get all fields
2024-12-05 16:05:25 - Get all fields
2024-12-05 16:05:42 - Get all fields
2024-12-05 16:09:00 - Get all fields
2024-12-05 16:09:00 - Get all fields
2024-12-05 16:09:09 - Get all fields
2024-12-05 16:09:09 - Get all fields
2024-12-05 16:09:56 - Get all fields
2024-12-05 16:09:57 - Get all fields
2024-12-05 16:10:04 - Get all fields
2024-12-05 16:10:04 - Get all fields
2024-12-05 16:10:36 - Get all fields
2024-12-05 16:10:37 - Get all fields
2024-12-05 16:10:40 - Get all fields
2024-12-05 16:10:40 - Get all fields
2024-12-05 16:10:46 - Get all fields
2024-12-05 16:10:46 - Get all fields
2024-12-05 16:10:50 - Get all fields
2024-12-05 16:10:50 - Get all fields
2024-12-05 16:10:55 - Get all fields
2024-12-05 16:10:55 - Get all fields
2024-12-05 16:10:59 - Get all fields
2024-12-05 16:10:59 - Get all fields
2024-12-05 16:11:04 - Get all fields
2024-12-05 16:11:04 - Get all fields
2024-12-05 16:11:14 - Get all fields
2024-12-05 16:11:15 - Get all fields
2024-12-05 16:11:19 - Get all fields
2024-12-05 16:11:19 - Get all fields
2024-12-05 16:11:21 - Get all fields
2024-12-05 16:11:21 - Get all fields
2024-12-05 16:11:30 - Get all fields
2024-12-05 16:11:31 - Get all fields
2024-12-05 16:11:37 - Get all fields
2024-12-05 16:11:37 - Get all fields
2024-12-05 16:12:30 - Get all fields
2024-12-05 16:12:30 - Get all fields
2024-12-05 16:12:32 - Get all fields
2024-12-05 16:12:32 - Get all fields
2024-12-05 16:12:38 - Get all fields
2024-12-05 16:12:38 - Get all fields
2024-12-05 16:12:46 - Get all fields
2024-12-05 16:12:46 - Get all fields
2024-12-05 16:12:47 - Get all fields
2024-12-05 16:12:47 - Get all fields
2024-12-05 16:13:51 - Get all fields
2024-12-05 16:14:19 - Get all fields
2024-12-05 16:14:19 - Get all fields
2024-12-05 16:14:20 - Get all fields
2024-12-05 16:14:21 - Get all fields
2024-12-05 16:14:28 - Get all fields
2024-12-05 16:14:28 - Get all fields
2024-12-05 16:14:30 - Get all fields
2024-12-05 16:14:30 - Get all fields
2024-12-05 16:14:35 - Get all fields
2024-12-05 16:18:10 - Get all fields
2024-12-05 16:18:10 - Get all fields
2024-12-05 16:18:16 - Get all fields
2024-12-05 16:18:16 - Get all fields
2024-12-05 16:18:31 - Get all fields
2024-12-05 16:18:31 - Get all fields
2024-12-05 16:18:33 - Get all fields
2024-12-05 16:18:33 - Get all fields
2024-12-05 16:18:38 - Get all fields
2024-12-05 16:18:38 - Get all fields
2024-12-05 16:18:45 - Get all fields
2024-12-05 16:19:01 - Get all fields
2024-12-05 16:19:02 - Get all fields
2024-12-05 16:19:03 - Get all fields
2024-12-05 16:19:03 - Get all fields
2024-12-05 16:19:06 - Get all fields
2024-12-05 16:19:06 - Get all fields
2024-12-05 16:19:21 - Get all fields
2024-12-05 16:19:21 - Get all fields
2024-12-05 16:19:22 - Get all fields
2024-12-05 16:19:23 - Get all fields
2024-12-05 16:19:30 - Get all fields
2024-12-05 16:21:38 - Get all fields
2024-12-05 16:21:38 - Get all fields
2024-12-05 16:21:41 - Get all fields
2024-12-05 16:21:41 - Get all fields
2024-12-05 16:21:43 - Get all fields
2024-12-05 16:21:43 - Get all fields
2024-12-05 16:21:45 - Get all fields
2024-12-05 16:21:45 - Get all fields
2024-12-05 16:22:14 - Get all fields
2024-12-05 16:22:14 - Get all fields
2024-12-05 16:22:16 - Get all fields
2024-12-05 16:22:16 - Get all fields
2024-12-05 16:22:20 - Get all fields
2024-12-05 16:22:20 - Get all fields
2024-12-05 16:22:26 - Get all fields
2024-12-05 16:24:06 - Get all fields
2024-12-05 16:24:06 - Get all fields
2024-12-05 16:24:08 - Get all fields
2024-12-05 16:24:08 - Get all fields
2024-12-05 16:24:13 - Get all fields
2024-12-05 16:27:05 - Get all fields
2024-12-05 16:27:05 - Get all fields
2024-12-05 16:27:09 - Get all fields
2024-12-05 16:27:09 - Get all fields
2024-12-05 16:27:16 - Get all fields
2024-12-05 16:27:16 - Get all fields
2024-12-05 16:27:19 - Get all fields
2024-12-05 16:27:20 - Get all fields
2024-12-05 16:27:22 - Get all fields
2024-12-05 16:27:22 - Get all fields
2024-12-05 16:27:23 - Get all fields
2024-12-05 16:27:23 - Get all fields
2024-12-05 16:27:25 - Get all fields
2024-12-05 16:27:25 - Get all fields
2024-12-05 16:27:30 - Get all fields
2024-12-05 16:35:04 - Get all fields
2024-12-05 16:35:04 - Get all fields
2024-12-05 16:35:08 - Get all fields
2024-12-05 16:35:08 - Get all fields
2024-12-05 16:35:16 - Get all fields
2024-12-05 16:35:16 - Get all fields
2024-12-05 16:35:24 - Get all fields
2024-12-05 16:35:24 - Get all fields
2024-12-05 16:35:27 - Get all fields
2024-12-05 16:35:27 - Get all fields
2024-12-05 16:35:50 - Get all fields
2024-12-05 16:35:50 - Get all fields
2024-12-05 16:36:20 - Get all fields
2024-12-05 16:36:38 - Get all fields
2024-12-05 16:36:38 - Get all fields
2024-12-05 16:36:47 - Get all fields
2024-12-05 16:36:48 - Get all fields
2024-12-05 16:37:13 - Get all fields
2024-12-05 16:37:14 - Get all fields
2024-12-05 16:37:17 - Get all fields
2024-12-05 16:37:17 - Get all fields
2024-12-05 16:37:20 - Get all fields
2024-12-05 16:37:20 - Get all fields
2024-12-05 16:37:24 - Get all fields
2024-12-05 16:37:24 - Get all fields
2024-12-05 16:38:08 - Get all fields
2024-12-05 16:39:57 - Get all fields
2024-12-05 16:39:57 - Get all fields
2024-12-05 16:40:00 - Get all fields
2024-12-05 16:40:00 - Get all fields
2024-12-05 16:40:27 - Get all fields
2024-12-05 16:40:28 - Get all fields
2024-12-05 16:40:32 - Get all fields
2024-12-05 16:42:55 - Get all fields
2024-12-05 16:42:56 - Get all fields
2024-12-05 16:43:07 - Get all fields
2024-12-05 16:43:30 - Get all fields
2024-12-05 16:43:30 - Get all fields
2024-12-05 16:43:36 - Get all fields
2024-12-05 16:43:36 - Get all fields
2024-12-05 16:43:59 - Get all fields
2024-12-05 16:43:59 - Get all fields
2024-12-05 16:44:03 - Get all fields
2024-12-05 16:44:03 - Get all fields
2024-12-05 16:45:26 - Get all fields
2024-12-05 16:46:48 - Get all fields
2024-12-05 16:46:48 - Get all fields
2024-12-05 16:46:49 - Get all fields
2024-12-05 16:46:50 - Get all fields
2024-12-05 16:47:08 - Get all fields
2024-12-05 16:47:09 - Get all fields
2024-12-05 16:47:10 - Get all fields
2024-12-05 16:47:10 - Get all fields
2024-12-05 16:47:54 - Get all fields
2024-12-05 16:47:54 - Get all fields
2024-12-05 16:48:00 - Get all fields
2024-12-05 16:48:00 - Get all fields
2024-12-05 16:48:42 - Get all fields
2024-12-05 16:48:42 - Get all fields
2024-12-05 16:48:53 - Get all fields
2024-12-05 16:48:53 - Get all fields
2024-12-05 16:49:03 - Get all fields
2024-12-05 16:49:03 - Get all fields
2024-12-05 16:49:12 - Get all fields
2024-12-05 16:49:12 - Get all fields
2024-12-05 16:49:18 - Get all fields
2024-12-05 16:49:18 - Get all fields
2024-12-05 16:49:23 - Get all fields
2024-12-05 16:49:24 - Get all fields
2024-12-05 16:49:38 - Get all fields
2024-12-05 16:49:38 - Get all fields
2024-12-05 16:49:47 - Get all fields
2024-12-05 16:50:23 - Get all fields
2024-12-05 16:50:23 - Get all fields
2024-12-05 16:50:25 - Get all fields
2024-12-05 16:50:26 - Get all fields
2024-12-05 16:50:27 - Get all fields
2024-12-05 16:50:27 - Get all fields
2024-12-05 16:50:33 - Get all fields
2024-12-05 16:51:19 - Get all fields
2024-12-05 16:51:19 - Get all fields
2024-12-05 16:51:21 - Get all fields
2024-12-05 16:51:21 - Get all fields
2024-12-05 16:51:22 - Get all fields
2024-12-05 16:51:22 - Get all fields
2024-12-05 16:51:33 - Get all fields
2024-12-05 16:51:33 - Get all fields
2024-12-05 16:51:39 - Get all fields
2024-12-05 16:51:39 - Get all fields
2024-12-05 16:51:44 - Get all fields
2024-12-05 16:52:20 - Get all fields
2024-12-05 16:52:20 - Get all fields
2024-12-05 16:52:24 - Get all fields
2024-12-05 16:52:24 - Get all fields
2024-12-05 16:52:26 - Get all fields
2024-12-05 16:52:26 - Get all fields
2024-12-05 16:52:46 - Get all fields
2024-12-05 16:52:46 - Get all fields
2024-12-05 16:52:47 - Get all fields
2024-12-05 16:52:47 - Get all fields
2024-12-05 16:52:49 - Get all fields
2024-12-05 16:52:49 - Get all fields
2024-12-05 16:52:51 - Get all fields
2024-12-05 16:52:51 - Get all fields
2024-12-05 16:52:52 - Get all fields
2024-12-05 16:52:52 - Get all fields
2024-12-05 16:52:57 - Get all fields
2024-12-05 16:52:57 - Get all fields
2024-12-05 16:52:59 - Get all fields
2024-12-05 16:52:59 - Get all fields
2024-12-05 16:53:04 - Get all fields
2024-12-05 16:53:04 - Get all fields
2024-12-05 16:53:07 - Get all fields
2024-12-05 16:53:07 - Get all fields
2024-12-05 16:53:35 - Get all fields
2024-12-05 16:53:46 - Get all fields
2024-12-05 16:55:00 - Get all fields
2024-12-05 16:55:00 - Get all fields
2024-12-05 16:55:02 - Get all fields
2024-12-05 16:55:02 - Get all fields
2024-12-05 16:55:05 - Get all fields
2024-12-05 16:55:06 - Get all fields
2024-12-05 16:55:07 - Get all fields
2024-12-05 16:55:07 - Get all fields
2024-12-05 16:55:15 - Get all fields
2024-12-05 16:55:15 - Get all fields
2024-12-05 16:55:18 - Get all fields
2024-12-05 16:55:18 - Get all fields
2024-12-05 16:55:20 - Get all fields
2024-12-05 16:55:20 - Get all fields
2024-12-05 16:55:22 - Get all fields
2024-12-05 16:55:22 - Get all fields
2024-12-05 16:55:26 - Get all fields
2024-12-05 16:55:26 - Get all fields
2024-12-05 16:55:28 - Get all fields
2024-12-05 16:55:29 - Get all fields
2024-12-05 16:55:30 - Get all fields
2024-12-05 16:55:30 - Get all fields
2024-12-05 16:55:32 - Get all fields
2024-12-05 16:55:32 - Get all fields
2024-12-05 16:55:33 - Get all fields
2024-12-05 16:55:33 - Get all fields
2024-12-05 16:55:43 - Get all fields
2024-12-05 17:04:08 - Closing JPA EntityManagerFactory for persistence unit 'default'
2024-12-05 17:04:08 - HikariPool-1 - Shutdown initiated...
2024-12-05 17:04:08 - HikariPool-1 - Shutdown completed.
2024-12-05 17:05:23 - HV000001: Hibernate Validator 8.0.1.Final
2024-12-05 17:05:23 - Starting CropMonitoringSystemApplication using Java 17.0.10 with PID 19172 (D:\2nd-Sem-Final\Crop monitoring system\Crop-monitoring-system\build\classes\java\main started by sadar in D:\2nd-Sem-Final\Crop monitoring system\Crop-monitoring-system)
2024-12-05 17:05:23 - The following 1 profile is active: "dev"
2024-12-05 17:05:25 - Bootstrapping Spring Data JPA repositories in DEFAULT mode.
2024-12-05 17:05:25 - Finished Spring Data repository scanning in 190 ms. Found 7 JPA repository interfaces.
2024-12-05 17:05:26 - Tomcat initialized with port 5055 (http)
2024-12-05 17:05:26 - Initializing ProtocolHandler ["http-nio-5055"]
2024-12-05 17:05:26 - Starting service [Tomcat]
2024-12-05 17:05:26 - Starting Servlet engine: [Apache Tomcat/10.1.31]
2024-12-05 17:05:26 - Initializing Spring embedded WebApplicationContext
2024-12-05 17:05:26 - Root WebApplicationContext: initialization completed in 3056 ms
2024-12-05 17:05:26 - HHH000204: Processing PersistenceUnitInfo [name: default]
2024-12-05 17:05:26 - HHH000412: Hibernate ORM core version 6.5.3.Final
2024-12-05 17:05:26 - HHH000026: Second-level cache disabled
2024-12-05 17:05:27 - No LoadTimeWeaver setup: ignoring JPA class transformer
2024-12-05 17:05:27 - HikariPool-1 - Starting...
2024-12-05 17:05:28 - HikariPool-1 - Added connection com.mysql.cj.jdbc.ConnectionImpl@3593e074
2024-12-05 17:05:28 - HikariPool-1 - Start completed.
2024-12-05 17:05:28 - HHH90000025: MySQL8Dialect does not need to be specified explicitly using 'hibernate.dialect' (remove the property setting and it will be selected by default)
2024-12-05 17:05:28 - HHH90000026: MySQL8Dialect has been deprecated; use org.hibernate.dialect.MySQLDialect instead
2024-12-05 17:05:30 - HHH000489: No JTA platform available (set 'hibernate.transaction.jta.platform' to enable JTA platform integration)
2024-12-05 17:05:30 - Initialized JPA EntityManagerFactory for persistence unit 'default'
2024-12-05 17:05:31 - Global AuthenticationManager configured with AuthenticationProvider bean with name authenticationProvider
2024-12-05 17:05:32 - spring.jpa.open-in-view is enabled by default. Therefore, database queries may be performed during view rendering. Explicitly configure spring.jpa.open-in-view to disable this warning
2024-12-05 17:05:33 - Starting ProtocolHandler ["http-nio-5055"]
2024-12-05 17:05:33 - Tomcat started on port 5055 (http) with context path '/crop-monitoring-system'
2024-12-05 17:05:33 - Started CropMonitoringSystemApplication in 10.764 seconds (process running for 12.632)
2024-12-05 17:05:45 - Initializing Spring DispatcherServlet 'dispatcherServlet'
2024-12-05 17:05:45 - Initializing Servlet 'dispatcherServlet'
2024-12-05 17:05:45 - Completed initialization in 2 ms
2024-12-05 17:07:24 - Get all fields
2024-12-05 17:14:40 - Get all fields
2024-12-05 17:17:04 - Get all fields
2024-12-05 17:20:49 - Get all fields
2024-12-05 17:22:34 - Get all fields
2024-12-05 17:33:43 - Get all fields
2024-12-05 17:39:55 - Get all fields
2024-12-05 17:44:00 - Get all fields
2024-12-05 17:46:42 - Get all fields
2024-12-05 17:46:52 - Resolved [org.springframework.web.method.annotation.MethodArgumentTypeMismatchException: Method parameter 'fieldLocationX': Failed to convert value of type 'java.lang.String' to required type 'int'; For input string: "16.7"]
2024-12-05 17:46:56 - Get all fields
2024-12-05 17:47:44 - Get all fields
2024-12-05 17:47:57 - Resolved [org.springframework.web.method.annotation.MethodArgumentTypeMismatchException: Method parameter 'fieldLocationX': Failed to convert value of type 'java.lang.String' to required type 'int'; For input string: "16.7"]
2024-12-05 17:48:01 - Get all fields
2024-12-05 17:48:47 - Resolved [org.springframework.web.method.annotation.MethodArgumentTypeMismatchException: Method parameter 'fieldLocationX': Failed to convert value of type 'java.lang.String' to required type 'int'; For input string: "16.7"]
2024-12-05 17:48:49 - Get all fields
2024-12-05 17:52:10 - Closing JPA EntityManagerFactory for persistence unit 'default'
2024-12-05 17:52:10 - HikariPool-1 - Shutdown initiated...
2024-12-05 17:52:10 - HikariPool-1 - Shutdown completed.
2024-12-05 17:52:22 - HV000001: Hibernate Validator 8.0.1.Final
2024-12-05 17:52:22 - Starting CropMonitoringSystemApplication using Java 17.0.10 with PID 18972 (D:\2nd-Sem-Final\Crop monitoring system\Crop-monitoring-system\build\classes\java\main started by sadar in D:\2nd-Sem-Final\Crop monitoring system\Crop-monitoring-system)
2024-12-05 17:52:22 - The following 1 profile is active: "dev"
2024-12-05 17:52:24 - Bootstrapping Spring Data JPA repositories in DEFAULT mode.
2024-12-05 17:52:24 - Finished Spring Data repository scanning in 184 ms. Found 7 JPA repository interfaces.
2024-12-05 17:52:26 - Tomcat initialized with port 5055 (http)
2024-12-05 17:52:26 - Initializing ProtocolHandler ["http-nio-5055"]
2024-12-05 17:52:26 - Starting service [Tomcat]
2024-12-05 17:52:26 - Starting Servlet engine: [Apache Tomcat/10.1.31]
2024-12-05 17:52:26 - Initializing Spring embedded WebApplicationContext
2024-12-05 17:52:26 - Root WebApplicationContext: initialization completed in 3626 ms
2024-12-05 17:52:26 - HHH000204: Processing PersistenceUnitInfo [name: default]
2024-12-05 17:52:27 - HHH000412: Hibernate ORM core version 6.5.3.Final
2024-12-05 17:52:27 - HHH000026: Second-level cache disabled
2024-12-05 17:52:27 - No LoadTimeWeaver setup: ignoring JPA class transformer
2024-12-05 17:52:27 - HikariPool-1 - Starting...
2024-12-05 17:52:28 - HikariPool-1 - Added connection com.mysql.cj.jdbc.ConnectionImpl@6bc25ac2
2024-12-05 17:52:28 - HikariPool-1 - Start completed.
2024-12-05 17:52:28 - HHH90000025: MySQL8Dialect does not need to be specified explicitly using 'hibernate.dialect' (remove the property setting and it will be selected by default)
2024-12-05 17:52:28 - HHH90000026: MySQL8Dialect has been deprecated; use org.hibernate.dialect.MySQLDialect instead
2024-12-05 17:52:31 - HHH000489: No JTA platform available (set 'hibernate.transaction.jta.platform' to enable JTA platform integration)
2024-12-05 17:52:32 - Initialized JPA EntityManagerFactory for persistence unit 'default'
2024-12-05 17:52:33 - Global AuthenticationManager configured with AuthenticationProvider bean with name authenticationProvider
2024-12-05 17:52:34 - spring.jpa.open-in-view is enabled by default. Therefore, database queries may be performed during view rendering. Explicitly configure spring.jpa.open-in-view to disable this warning
2024-12-05 17:52:35 - Starting ProtocolHandler ["http-nio-5055"]
2024-12-05 17:52:35 - Tomcat started on port 5055 (http) with context path '/crop-monitoring-system'
2024-12-05 17:52:35 - Started CropMonitoringSystemApplication in 13.827 seconds (process running for 15.348)
2024-12-05 17:52:39 - Initializing Spring DispatcherServlet 'dispatcherServlet'
2024-12-05 17:52:39 - Initializing Servlet 'dispatcherServlet'
2024-12-05 17:52:39 - Completed initialization in 3 ms
2024-12-05 17:52:47 - Get all fields
